{
  "RSpec": {
    "coverage": {
      "/Users/alexscholtes/Developer/Rubymine_Projects/Rubymine Test Project 1/app/services/integrations/errors.rb": {
        "lines": [
          null,
          null,
          1,
          null,
          1,
          null,
          null,
          1,
          1,
          1,
          1,
          1,
          null,
          null,
          1,
          1,
          1,
          1,
          1,
          null,
          null,
          1,
          null
        ]
      },
      "/Users/alexscholtes/Developer/Rubymine_Projects/Rubymine Test Project 1/lib/credentials_helper.rb": {
        "lines": [
          null,
          null,
          null,
          null,
          1,
          null,
          1,
          1,
          null,
          1,
          1,
          null,
          null,
          null,
          1,
          0,
          null,
          null,
          null,
          1,
          11,
          null,
          null,
          null,
          1,
          0,
          null,
          null,
          null,
          1,
          0,
          null,
          null,
          null,
          1,
          0,
          null,
          null,
          null,
          1,
          0,
          null,
          null,
          null,
          1,
          0,
          null,
          null,
          null,
          1,
          0,
          null,
          null,
          null,
          1,
          0,
          null,
          null,
          null,
          1,
          0,
          null,
          null,
          null,
          1,
          0,
          null,
          null,
          null,
          1,
          0,
          null,
          null,
          null,
          1,
          0,
          null,
          null,
          null,
          1,
          0,
          null,
          null,
          null,
          1,
          0,
          null,
          null,
          1,
          null,
          1,
          12,
          null,
          12,
          0,
          null,
          null,
          null,
          null,
          null,
          null,
          null,
          null,
          null,
          null,
          null,
          null,
          null,
          12,
          null,
          null,
          0,
          null,
          null,
          null,
          null,
          1,
          null
        ]
      },
      "/Users/alexscholtes/Developer/Rubymine_Projects/Rubymine Test Project 1/app/helpers/application_helper.rb": {
        "lines": [
          1,
          null
        ]
      },
      "/Users/alexscholtes/Developer/Rubymine_Projects/Rubymine Test Project 1/app/helpers/chat_messages_helper.rb": {
        "lines": [
          1,
          null
        ]
      },
      "/Users/alexscholtes/Developer/Rubymine_Projects/Rubymine Test Project 1/app/helpers/pages_helper.rb": {
        "lines": [
          1,
          null
        ]
      },
      "/Users/alexscholtes/Developer/Rubymine_Projects/Rubymine Test Project 1/app/helpers/users_helper.rb": {
        "lines": [
          1,
          null
        ]
      },
      "/Users/alexscholtes/Developer/Rubymine_Projects/Rubymine Test Project 1/app/channels/chat_channel.rb": {
        "lines": [
          1,
          1,
          null,
          0,
          0,
          null,
          null,
          1,
          null,
          0,
          null,
          null,
          1,
          null,
          0,
          0,
          null,
          null,
          null,
          null,
          null,
          1,
          null,
          1,
          null,
          null,
          0,
          null,
          null
        ]
      },
      "/Users/alexscholtes/Developer/Rubymine_Projects/Rubymine Test Project 1/app/channels/application_cable/channel.rb": {
        "lines": [
          1,
          1,
          null,
          null
        ]
      },
      "/Users/alexscholtes/Developer/Rubymine_Projects/Rubymine Test Project 1/app/jobs/integrations/base_sync_job.rb": {
        "lines": [
          1,
          1,
          1,
          null,
          null,
          1,
          1,
          null,
          1,
          82,
          82,
          null,
          82,
          14,
          14,
          null,
          null,
          null,
          68,
          68,
          0,
          0,
          null,
          null,
          68,
          null,
          67,
          58,
          null,
          23,
          null,
          23,
          null,
          34,
          33,
          null,
          null,
          null
        ]
      },
      "/Users/alexscholtes/Developer/Rubymine_Projects/Rubymine Test Project 1/app/jobs/application_job.rb": {
        "lines": [
          1,
          null,
          null,
          null,
          null,
          null,
          null
        ]
      },
      "/Users/alexscholtes/Developer/Rubymine_Projects/Rubymine Test Project 1/app/jobs/integrations/battlenet_sync_job.rb": {
        "lines": [
          null,
          null,
          1,
          1,
          1,
          null,
          1,
          null,
          1,
          0,
          null,
          null,
          1,
          0,
          null,
          null,
          null
        ]
      },
      "/Users/alexscholtes/Developer/Rubymine_Projects/Rubymine Test Project 1/app/jobs/integrations/detect_current_game_job.rb": {
        "lines": [
          null,
          null,
          null,
          null,
          1,
          1,
          1,
          null,
          null,
          1,
          1,
          0,
          null,
          0,
          0,
          null,
          0,
          0,
          null,
          null,
          0,
          0,
          null,
          null,
          null,
          1,
          null,
          0,
          null,
          null,
          null,
          1,
          null,
          1,
          0,
          null,
          null,
          0,
          0,
          null,
          0,
          null,
          null,
          0,
          0,
          null,
          null,
          0,
          0,
          0,
          null,
          null,
          null,
          0,
          null,
          null,
          null,
          null,
          null,
          null,
          null,
          0,
          null,
          0,
          null,
          null,
          0,
          null,
          null,
          null,
          0,
          null,
          null,
          null,
          null,
          null,
          null,
          null,
          null,
          null,
          null,
          null,
          null,
          null,
          0,
          null,
          null,
          null,
          1,
          null,
          null,
          0,
          null,
          null,
          null
        ]
      },
      "/Users/alexscholtes/Developer/Rubymine_Projects/Rubymine Test Project 1/app/jobs/integrations/discord_sync_job.rb": {
        "lines": [
          null,
          1,
          1,
          1,
          null,
          1,
          null,
          1,
          0,
          null,
          null,
          1,
          0,
          null,
          null,
          null
        ]
      },
      "/Users/alexscholtes/Developer/Rubymine_Projects/Rubymine Test Project 1/app/jobs/integrations/riot_sync_job.rb": {
        "lines": [
          null,
          null,
          1,
          1,
          1,
          null,
          1,
          null,
          1,
          0,
          null,
          null,
          1,
          0,
          null,
          null,
          null
        ]
      },
      "/Users/alexscholtes/Developer/Rubymine_Projects/Rubymine Test Project 1/app/jobs/integrations/steam_sync_job.rb": {
        "lines": [
          null,
          null,
          1,
          1,
          1,
          null,
          1,
          null,
          1,
          0,
          null,
          null,
          1,
          0,
          null,
          null,
          null
        ]
      },
      "/Users/alexscholtes/Developer/Rubymine_Projects/Rubymine Test Project 1/app/models/achievement.rb": {
        "lines": [
          1,
          1,
          1,
          null,
          1,
          1,
          1,
          1,
          1,
          1,
          null,
          null,
          1,
          null,
          null,
          null,
          null,
          null,
          null,
          null,
          null,
          1,
          null,
          null,
          null,
          null,
          null,
          null,
          null,
          null,
          1,
          1,
          null,
          1,
          1,
          null,
          1,
          0,
          null,
          0,
          0,
          null,
          null,
          null,
          null,
          null,
          null,
          0,
          0,
          null,
          null,
          null,
          null,
          null,
          null,
          0,
          null,
          null,
          null
        ]
      },
      "/Users/alexscholtes/Developer/Rubymine_Projects/Rubymine Test Project 1/app/models/application_record.rb": {
        "lines": [
          1,
          1,
          null
        ]
      },
      "/Users/alexscholtes/Developer/Rubymine_Projects/Rubymine Test Project 1/app/models/battlenet_account.rb": {
        "lines": [
          null,
          1,
          1,
          null,
          1,
          null,
          1,
          1,
          null,
          1,
          1,
          null,
          null,
          1,
          64,
          null,
          null,
          1,
          null,
          1,
          null,
          null,
          null,
          null,
          null,
          null,
          null,
          null,
          null,
          null,
          null,
          1,
          43,
          null,
          null,
          null,
          null,
          null,
          null,
          null,
          null
        ]
      },
      "/Users/alexscholtes/Developer/Rubymine_Projects/Rubymine Test Project 1/app/models/concerns/integration_account.rb": {
        "lines": [
          1,
          1,
          null,
          1,
          8,
          null,
          8,
          8,
          null,
          null,
          325,
          null,
          8,
          8,
          null,
          null,
          null,
          1,
          0,
          null,
          null,
          0,
          0,
          0,
          null,
          0,
          0,
          null,
          null,
          null,
          null,
          1,
          0,
          null,
          null,
          null,
          1,
          null,
          3946,
          3946,
          null,
          null,
          0,
          null,
          null,
          null,
          1,
          0,
          null,
          null,
          1,
          null,
          null,
          1,
          null,
          null,
          null,
          null,
          1,
          6,
          null,
          null,
          1,
          null,
          1,
          223,
          null,
          223,
          null,
          null,
          null,
          null,
          null,
          1,
          217,
          null,
          null,
          null,
          null,
          null,
          null,
          1,
          1,
          0,
          0,
          null,
          0,
          0,
          null,
          null,
          null,
          0,
          null,
          null,
          null,
          0,
          0,
          null,
          null,
          null,
          null
        ]
      },
      "/Users/alexscholtes/Developer/Rubymine_Projects/Rubymine Test Project 1/app/models/concerns/has_oauth_tokens.rb": {
        "lines": [
          1,
          1,
          null,
          1,
          null,
          8,
          null,
          8,
          null,
          null,
          null,
          1,
          1,
          1,
          null,
          null,
          null,
          1,
          0,
          0,
          null,
          null,
          null,
          1,
          1,
          null,
          null,
          null,
          1,
          1,
          null,
          null,
          1,
          0,
          null,
          0,
          null,
          null,
          null,
          null,
          null,
          0,
          null,
          1,
          1,
          null,
          null,
          null,
          null,
          1,
          0,
          0,
          null,
          null,
          null,
          1,
          0,
          null,
          null,
          null,
          1,
          1,
          null,
          null
        ]
      },
      "/Users/alexscholtes/Developer/Rubymine_Projects/Rubymine Test Project 1/app/models/chat_message.rb": {
        "lines": [
          1,
          1,
          1,
          null,
          1,
          null,
          null,
          1,
          null,
          null,
          1,
          0,
          null,
          null,
          null,
          null,
          null
        ]
      },
      "/Users/alexscholtes/Developer/Rubymine_Projects/Rubymine Test Project 1/app/models/discord_account.rb": {
        "lines": [
          null,
          null,
          1,
          1,
          null,
          1,
          null,
          1,
          1,
          null,
          1,
          2,
          null,
          null,
          1,
          93,
          null,
          null,
          1,
          null,
          1,
          null,
          null,
          null,
          null,
          null,
          null,
          null,
          null,
          null,
          null,
          null,
          null,
          null,
          null,
          null,
          null,
          1,
          80,
          null,
          null,
          null,
          null,
          null,
          null,
          null,
          null,
          null,
          null,
          null
        ]
      },
      "/Users/alexscholtes/Developer/Rubymine_Projects/Rubymine Test Project 1/app/models/epic_account.rb": {
        "lines": [
          1,
          1,
          1,
          null,
          1,
          1,
          null,
          1,
          null,
          1,
          null,
          1,
          5,
          null,
          null,
          null,
          null,
          null,
          null,
          null,
          null,
          null
        ]
      },
      "/Users/alexscholtes/Developer/Rubymine_Projects/Rubymine Test Project 1/app/models/google_analytics_account.rb": {
        "lines": [
          1,
          1,
          null
        ]
      },
      "/Users/alexscholtes/Developer/Rubymine_Projects/Rubymine Test Project 1/app/models/instagram_account.rb": {
        "lines": [
          1,
          1,
          null
        ]
      },
      "/Users/alexscholtes/Developer/Rubymine_Projects/Rubymine Test Project 1/app/models/loyalty_point.rb": {
        "lines": [
          1,
          1,
          null,
          1,
          1,
          1,
          1,
          1,
          null,
          null,
          1,
          1,
          null,
          1,
          26,
          null,
          22,
          22,
          null,
          null,
          null,
          null,
          null,
          22,
          null,
          null,
          null,
          null,
          null,
          null,
          null,
          12,
          null,
          null,
          12,
          null,
          null,
          1,
          19,
          null,
          13,
          13,
          null,
          null,
          null,
          null,
          null,
          13,
          null,
          null,
          null,
          null,
          null,
          null,
          null,
          13,
          null,
          null,
          1,
          7,
          null,
          null,
          1,
          31,
          null,
          30,
          30,
          52,
          null,
          30,
          null,
          null,
          1,
          null,
          1,
          12,
          null,
          12,
          9,
          9,
          null,
          null,
          null
        ]
      },
      "/Users/alexscholtes/Developer/Rubymine_Projects/Rubymine Test Project 1/app/models/moderation_action.rb": {
        "lines": [
          1,
          1,
          null,
          null,
          null,
          1,
          null,
          null,
          null,
          null,
          null,
          null,
          null,
          null,
          null,
          null,
          null,
          null,
          1,
          1,
          1,
          1,
          1,
          null,
          null,
          9,
          3,
          4,
          8,
          null,
          null,
          1,
          26,
          null,
          null,
          null,
          null,
          null,
          null,
          null,
          null,
          null,
          null,
          null
        ]
      },
      "/Users/alexscholtes/Developer/Rubymine_Projects/Rubymine Test Project 1/app/models/obs_connection.rb": {
        "lines": [
          null,
          null,
          null,
          1,
          1,
          null,
          null,
          1,
          1,
          1,
          null,
          null,
          1,
          null,
          null,
          1,
          1,
          1,
          null,
          null,
          1,
          null,
          1,
          null,
          null,
          null,
          null,
          null,
          null,
          null,
          null,
          null,
          null,
          1,
          0,
          null,
          0,
          0,
          0,
          null,
          0,
          0,
          null,
          0,
          null,
          null,
          null,
          null,
          null,
          1,
          3,
          2,
          null,
          null,
          null,
          1,
          0,
          null,
          null,
          null,
          null,
          null,
          0,
          null,
          null,
          null,
          1,
          0,
          null,
          null,
          null,
          null,
          null,
          0,
          null,
          null,
          null,
          1,
          0,
          0,
          0,
          null,
          0,
          null,
          null,
          0,
          null,
          null,
          null,
          null,
          1,
          null,
          0,
          null,
          null,
          null,
          null,
          0,
          null,
          null,
          null,
          1,
          null,
          1,
          1,
          null,
          null,
          1,
          0,
          null,
          null,
          0,
          null,
          0,
          null,
          null,
          null,
          null,
          null,
          0,
          null,
          null
        ]
      },
      "/Users/alexscholtes/Developer/Rubymine_Projects/Rubymine Test Project 1/app/models/openai_integration.rb": {
        "lines": [
          1,
          1,
          null
        ]
      },
      "/Users/alexscholtes/Developer/Rubymine_Projects/Rubymine Test Project 1/app/models/payment.rb": {
        "lines": [
          1,
          1,
          1,
          null,
          null,
          null,
          1,
          null,
          null,
          null,
          null,
          null,
          null,
          null,
          null,
          1,
          null,
          null,
          null,
          null,
          null,
          null,
          null,
          null,
          1,
          1,
          1,
          1,
          1,
          null,
          null,
          1,
          1,
          1,
          1,
          1,
          1,
          3,
          1,
          3,
          null,
          null,
          1,
          2,
          null,
          null,
          1,
          2,
          null,
          null,
          1,
          0,
          null,
          null,
          1,
          0,
          null,
          null,
          1,
          0,
          null,
          null,
          1,
          0,
          0,
          null,
          null,
          1,
          0,
          0,
          null,
          null,
          1,
          0,
          null,
          null,
          1,
          0,
          null,
          0,
          null,
          0,
          null,
          null,
          null,
          null,
          0,
          null,
          null,
          null,
          null,
          null,
          0,
          null,
          0,
          0,
          null,
          null,
          null,
          1,
          3,
          null,
          null,
          null,
          1,
          1,
          null,
          null
        ]
      },
      "/Users/alexscholtes/Developer/Rubymine_Projects/Rubymine Test Project 1/app/models/paypal_account.rb": {
        "lines": [
          1,
          1,
          null
        ]
      },
      "/Users/alexscholtes/Developer/Rubymine_Projects/Rubymine Test Project 1/app/models/playstation_account.rb": {
        "lines": [
          1,
          1,
          null
        ]
      },
      "/Users/alexscholtes/Developer/Rubymine_Projects/Rubymine Test Project 1/app/models/riot_account.rb": {
        "lines": [
          null,
          1,
          1,
          null,
          1,
          null,
          1,
          1,
          null,
          1,
          1,
          null,
          null,
          1,
          52,
          null,
          null,
          1,
          null,
          1,
          null,
          null,
          null,
          null,
          null,
          null,
          null,
          null,
          null,
          null,
          null,
          null,
          null,
          null,
          null,
          1,
          37,
          null,
          null,
          null,
          null,
          null,
          null,
          null,
          null,
          null,
          null
        ]
      },
      "/Users/alexscholtes/Developer/Rubymine_Projects/Rubymine Test Project 1/app/models/spotify_account.rb": {
        "lines": [
          1,
          1,
          null,
          1,
          null,
          1,
          null,
          1,
          10,
          null,
          null,
          1,
          0,
          null,
          null,
          1,
          0,
          null,
          null,
          1,
          10,
          null,
          null,
          null,
          null,
          null,
          null,
          null
        ]
      },
      "/Users/alexscholtes/Developer/Rubymine_Projects/Rubymine Test Project 1/app/models/steam_account.rb": {
        "lines": [
          null,
          null,
          null,
          1,
          1,
          null,
          null,
          1,
          null,
          null,
          1,
          1,
          null,
          null,
          1,
          1,
          null,
          null,
          null,
          1,
          69,
          null,
          null,
          null,
          1,
          null,
          1,
          null,
          null,
          null,
          null,
          null,
          null,
          null,
          null,
          null,
          null,
          null,
          null,
          null,
          null,
          null,
          null,
          null,
          null,
          null,
          null,
          null,
          1,
          51,
          null,
          null,
          null,
          null,
          null,
          null,
          null,
          null,
          null,
          null,
          null,
          null,
          null,
          null,
          null,
          null
        ]
      },
      "/Users/alexscholtes/Developer/Rubymine_Projects/Rubymine Test Project 1/app/models/stream.rb": {
        "lines": [
          1,
          1,
          1,
          1,
          null,
          null,
          1,
          1,
          null,
          null,
          1,
          1,
          null,
          null,
          1,
          1,
          1,
          1,
          null,
          null,
          1,
          0,
          0,
          null,
          null,
          null,
          null,
          null,
          null,
          1,
          0,
          null,
          null,
          1,
          0,
          null,
          null,
          null,
          1,
          0,
          null,
          0,
          null,
          null,
          null,
          1,
          null,
          null,
          0,
          0,
          null,
          0,
          null,
          null,
          null,
          null,
          1,
          0,
          0,
          null,
          null,
          1,
          null,
          null,
          1,
          0,
          null,
          null,
          null,
          1,
          0,
          null,
          null,
          null,
          1,
          0,
          null,
          null,
          0,
          null,
          null,
          null,
          1,
          0,
          null,
          null
        ]
      },
      "/Users/alexscholtes/Developer/Rubymine_Projects/Rubymine Test Project 1/app/models/stripe_account.rb": {
        "lines": [
          null,
          1,
          1,
          null,
          1,
          null,
          1,
          null,
          1,
          1,
          null,
          null,
          1,
          1,
          null,
          null,
          1,
          null,
          1,
          null,
          null,
          null,
          null,
          null,
          null,
          null,
          null,
          null
        ]
      },
      "/Users/alexscholtes/Developer/Rubymine_Projects/Rubymine Test Project 1/app/models/subscription.rb": {
        "lines": [
          1,
          1,
          null,
          null,
          null,
          1,
          null,
          null,
          null,
          null,
          null,
          null,
          null,
          null,
          null,
          null,
          1,
          9,
          1,
          null,
          null,
          null,
          1,
          1,
          1,
          1,
          65,
          null,
          null,
          null,
          10,
          3,
          1,
          1,
          1,
          null,
          null,
          1,
          1,
          null,
          null,
          1,
          52,
          null,
          null,
          1,
          0,
          null,
          null,
          1,
          13,
          null,
          null,
          1,
          1,
          null,
          null,
          1,
          0,
          0,
          null,
          null,
          1,
          2,
          null,
          2,
          null,
          null,
          null,
          null,
          2,
          null,
          null,
          null,
          null,
          0,
          0,
          null,
          null,
          1,
          1,
          null,
          1,
          null,
          null,
          null,
          null,
          1,
          null,
          null,
          null,
          null,
          0,
          0,
          null,
          null,
          1,
          0,
          null,
          null,
          1,
          0,
          null,
          null,
          1,
          0,
          null,
          null,
          1,
          null,
          1,
          53,
          null,
          47,
          36,
          11,
          10,
          null,
          null,
          null,
          1,
          0,
          null,
          null
        ]
      },
      "/Users/alexscholtes/Developer/Rubymine_Projects/Rubymine Test Project 1/app/models/tiktok_account.rb": {
        "lines": [
          1,
          1,
          null
        ]
      },
      "/Users/alexscholtes/Developer/Rubymine_Projects/Rubymine Test Project 1/app/models/twitch_account.rb": {
        "lines": [
          1,
          1,
          null
        ]
      },
      "/Users/alexscholtes/Developer/Rubymine_Projects/Rubymine Test Project 1/app/models/twitter_account.rb": {
        "lines": [
          null,
          1,
          1,
          null,
          1,
          null,
          1,
          1,
          null,
          1,
          1,
          null,
          null,
          1,
          1,
          null,
          null,
          1,
          null,
          1,
          null,
          null,
          null,
          null,
          null,
          null,
          null,
          null,
          null,
          null,
          null
        ]
      },
      "/Users/alexscholtes/Developer/Rubymine_Projects/Rubymine Test Project 1/app/models/user_achievement.rb": {
        "lines": [
          1,
          1,
          1,
          null,
          1,
          1,
          null,
          1,
          1,
          1,
          null,
          1,
          2,
          null,
          null,
          1,
          0,
          0,
          null,
          0,
          null,
          null,
          1,
          0,
          null,
          0,
          null,
          0,
          0,
          null,
          null,
          null,
          1,
          null,
          1,
          0,
          0,
          null,
          null
        ]
      },
      "/Users/alexscholtes/Developer/Rubymine_Projects/Rubymine Test Project 1/app/models/user_mute.rb": {
        "lines": [
          1,
          1,
          null,
          null,
          1,
          1,
          1,
          1,
          1,
          null,
          null,
          24,
          22,
          28,
          1,
          3,
          null,
          null,
          null,
          null,
          5,
          null,
          null,
          1,
          25,
          null,
          null,
          1,
          7,
          null,
          null,
          1,
          5,
          4,
          null,
          null,
          1,
          7,
          null,
          null,
          null,
          1,
          19,
          null,
          null,
          null,
          null,
          null,
          1,
          1,
          null,
          null
        ]
      },
      "/Users/alexscholtes/Developer/Rubymine_Projects/Rubymine Test Project 1/app/models/user_warning.rb": {
        "lines": [
          1,
          1,
          null,
          null,
          1,
          1,
          1,
          1,
          null,
          null,
          37,
          38,
          9,
          18,
          null,
          null,
          1,
          15,
          null,
          null,
          1,
          7,
          null,
          null,
          1,
          5,
          null,
          null
        ]
      },
      "/Users/alexscholtes/Developer/Rubymine_Projects/Rubymine Test Project 1/app/models/vc_queue_entry.rb": {
        "lines": [
          1,
          1,
          null,
          1,
          1,
          1,
          1,
          1,
          null,
          1,
          1,
          null,
          30,
          1,
          1,
          16,
          null,
          1,
          13,
          null,
          12,
          12,
          null,
          0,
          null,
          null,
          null,
          1,
          2,
          null,
          null,
          1,
          2,
          null,
          null,
          1,
          4,
          null,
          null,
          1,
          0,
          null,
          null,
          1,
          0,
          null,
          null,
          null,
          1,
          11,
          null,
          null,
          11,
          null,
          1,
          null,
          2,
          null,
          null,
          null,
          11,
          0,
          11,
          2,
          null,
          null,
          11,
          null,
          null
        ]
      },
      "/Users/alexscholtes/Developer/Rubymine_Projects/Rubymine Test Project 1/app/models/xbox_account.rb": {
        "lines": [
          1,
          1,
          null
        ]
      },
      "/Users/alexscholtes/Developer/Rubymine_Projects/Rubymine Test Project 1/app/models/youtube_account.rb": {
        "lines": [
          null,
          1,
          1,
          null,
          1,
          null,
          1,
          1,
          null,
          1,
          1,
          null,
          null,
          1,
          1,
          null,
          null,
          1,
          null,
          1,
          null,
          null,
          null,
          null,
          null,
          null,
          null,
          null,
          null,
          null,
          null
        ]
      },
      "/Users/alexscholtes/Developer/Rubymine_Projects/Rubymine Test Project 1/app/controllers/api/v1/achievements_controller.rb": {
        "lines": [
          1,
          1,
          1,
          1,
          0,
          null,
          0,
          null,
          null,
          0,
          null,
          null,
          null,
          null,
          null,
          null,
          null,
          null,
          null,
          null,
          1,
          0,
          null,
          0,
          0,
          0,
          null,
          null,
          0,
          null,
          0,
          null,
          null,
          0,
          null,
          null,
          null,
          null,
          null,
          null,
          null,
          null,
          null,
          null,
          null,
          1,
          0,
          0,
          null,
          0,
          0,
          0,
          null,
          null,
          0,
          0,
          0,
          null,
          null,
          0,
          null,
          0,
          0,
          null,
          null,
          null,
          null,
          null,
          null,
          null,
          null,
          0,
          null,
          null,
          0,
          null,
          null,
          null,
          null
        ]
      },
      "/Users/alexscholtes/Developer/Rubymine_Projects/Rubymine Test Project 1/app/controllers/api/v1/base_controller.rb": {
        "lines": [
          1,
          1,
          1,
          1,
          1,
          null,
          1,
          null,
          1,
          160,
          null,
          160,
          21,
          null,
          null,
          null,
          1,
          53,
          null,
          null,
          1,
          83,
          null,
          null,
          null,
          null
        ]
      },
      "/Users/alexscholtes/Developer/Rubymine_Projects/Rubymine Test Project 1/app/controllers/application_controller.rb": {
        "lines": [
          null,
          null,
          null,
          null,
          null,
          1,
          null,
          null,
          null,
          1,
          null,
          null,
          null,
          1,
          null
        ]
      },
      "/Users/alexscholtes/Developer/Rubymine_Projects/Rubymine Test Project 1/app/controllers/concerns/authentication.rb": {
        "lines": [
          null,
          null,
          null,
          null,
          null,
          null,
          1,
          null,
          null,
          1,
          null,
          null,
          null,
          1,
          null,
          null,
          null,
          1,
          null,
          null,
          null,
          null,
          null,
          null,
          null,
          null,
          null,
          1,
          null,
          null,
          null,
          null,
          null,
          0,
          null,
          null,
          null,
          null,
          null,
          null,
          null,
          null,
          null,
          null,
          null,
          null,
          1,
          null,
          null,
          null,
          null,
          null,
          41,
          null,
          null,
          null,
          null,
          null,
          null,
          null,
          null,
          null,
          null,
          null,
          1,
          null,
          67,
          null,
          43,
          null,
          null,
          43,
          null,
          null,
          null,
          null,
          null,
          null,
          null,
          null,
          null,
          null,
          1,
          null,
          0,
          null,
          null,
          0,
          null,
          null,
          null,
          null,
          null,
          1,
          null,
          0,
          null,
          null,
          0,
          null,
          null,
          null,
          null,
          null,
          1,
          0,
          0,
          0,
          null,
          null,
          null
        ]
      },
      "/Users/alexscholtes/Developer/Rubymine_Projects/Rubymine Test Project 1/app/controllers/api/v1/loyalty_points_controller.rb": {
        "lines": [
          1,
          1,
          1,
          1,
          null,
          1,
          7,
          null,
          7,
          null,
          null,
          null,
          null,
          null,
          null,
          null,
          null,
          null,
          null,
          1,
          6,
          null,
          6,
          null,
          null,
          null,
          null,
          null,
          null,
          1,
          0,
          null,
          null,
          null,
          null,
          null,
          null,
          null,
          1,
          null,
          null,
          5,
          null,
          null,
          1,
          8,
          null,
          8,
          2,
          2,
          null,
          null,
          6,
          null,
          null,
          null,
          null,
          null,
          null,
          6,
          4,
          null,
          null,
          null,
          null,
          null,
          null,
          null,
          2,
          null,
          null,
          0,
          null,
          null,
          1,
          0,
          null,
          null,
          null,
          0,
          null,
          0,
          null,
          null,
          null,
          null,
          null,
          null,
          null,
          null,
          0,
          null,
          null,
          1,
          null,
          1,
          31,
          null,
          31,
          10,
          null,
          null,
          null,
          null,
          null
        ]
      },
      "/Users/alexscholtes/Developer/Rubymine_Projects/Rubymine Test Project 1/app/controllers/api/v1/mini_games_controller.rb": {
        "lines": [
          1,
          1,
          1,
          1,
          24,
          null,
          24,
          2,
          2,
          null,
          null,
          22,
          null,
          null,
          null,
          null,
          null,
          null,
          null,
          null,
          null,
          17,
          null,
          17,
          null,
          12,
          null,
          null,
          null,
          null,
          null,
          null,
          null,
          5,
          null,
          null,
          null,
          null,
          null,
          null,
          null,
          17,
          null,
          null,
          null,
          null,
          null,
          null,
          null,
          null,
          null,
          5,
          null,
          null,
          1,
          0,
          null,
          0,
          0,
          0,
          null,
          null,
          0,
          0,
          null,
          0,
          0,
          0,
          0,
          0,
          0,
          null,
          0,
          null,
          null,
          null,
          null,
          0,
          null,
          null,
          null,
          null,
          null,
          null,
          null,
          null,
          null
        ]
      },
      "/Users/alexscholtes/Developer/Rubymine_Projects/Rubymine Test Project 1/app/controllers/api/v1/moderation_controller.rb": {
        "lines": [
          1,
          1,
          1,
          null,
          null,
          1,
          8,
          null,
          8,
          null,
          null,
          null,
          null,
          null,
          null,
          null,
          null,
          null,
          8,
          null,
          null,
          null,
          null,
          null,
          null,
          null,
          null,
          null,
          8,
          null,
          8,
          null,
          null,
          null,
          null,
          null,
          null,
          null,
          null,
          null,
          0,
          null,
          null,
          null,
          null,
          1,
          6,
          null,
          null,
          null,
          null,
          null,
          6,
          null,
          6,
          null,
          11,
          null,
          null,
          null,
          null,
          null,
          null,
          6,
          null,
          null,
          null,
          null,
          null,
          null,
          null,
          null,
          null,
          1,
          4,
          4,
          null,
          4,
          null,
          null,
          4,
          null,
          null,
          null,
          null,
          null,
          null,
          null,
          null,
          null,
          0,
          null,
          null,
          null,
          null,
          null,
          4,
          null,
          null,
          null,
          null,
          1,
          7,
          null,
          null,
          7,
          7,
          2,
          2,
          null,
          null,
          5,
          null,
          null,
          null,
          null,
          null,
          null,
          null,
          null,
          null,
          null,
          null,
          5,
          null,
          null,
          null,
          null,
          null,
          null,
          null,
          null,
          null,
          null,
          null,
          null,
          null,
          5,
          null,
          null,
          null,
          null,
          null,
          null,
          null,
          null,
          null,
          null,
          null,
          0,
          null,
          null,
          null,
          null,
          1,
          6,
          6,
          null,
          6,
          2,
          2,
          null,
          null,
          4,
          null,
          null,
          4,
          null,
          null,
          null,
          null,
          null,
          null,
          null,
          null,
          null,
          4,
          null,
          null,
          null,
          null,
          null,
          0,
          null,
          null,
          null,
          null,
          1,
          3,
          null,
          null,
          null,
          null,
          3,
          null,
          0,
          null,
          null,
          null,
          null,
          null,
          null,
          null,
          null,
          null,
          null,
          0,
          null,
          null,
          null,
          null,
          null,
          null,
          null,
          null,
          1,
          4,
          null,
          4,
          3,
          null,
          null,
          null,
          null,
          null,
          null,
          null,
          null,
          null,
          null,
          null,
          1,
          null,
          null,
          null,
          null,
          null,
          null,
          null,
          null,
          1,
          3,
          null,
          3,
          null,
          null,
          null,
          null,
          null,
          null,
          null,
          null,
          null,
          3,
          null,
          null,
          null,
          null,
          null,
          null,
          null,
          null,
          null,
          null,
          0,
          null,
          null,
          null,
          null,
          1,
          6,
          null,
          null,
          null,
          6,
          6,
          null,
          6,
          null,
          13,
          null,
          null,
          null,
          null,
          null,
          null,
          null,
          null,
          null,
          6,
          null,
          null,
          null,
          null,
          null,
          null,
          1,
          null,
          1,
          28,
          null,
          null,
          1,
          18,
          null,
          null,
          null,
          null,
          null,
          null
        ]
      },
      "/Users/alexscholtes/Developer/Rubymine_Projects/Rubymine Test Project 1/app/controllers/api/v1/obs_connections_controller.rb": {
        "lines": [
          null,
          1,
          1,
          1,
          1,
          1,
          null,
          null,
          null,
          1,
          0,
          0,
          null,
          null,
          null,
          null,
          null,
          null,
          null,
          null,
          null,
          null,
          null,
          null,
          0,
          null,
          null,
          null,
          null,
          null,
          1,
          0,
          null,
          0,
          0,
          null,
          0,
          0,
          null,
          null,
          null,
          null,
          null,
          null,
          null,
          null,
          null,
          null,
          null,
          0,
          null,
          null,
          null,
          null,
          null,
          null,
          null,
          null,
          1,
          0,
          null,
          0,
          0,
          0,
          null,
          0,
          0,
          null,
          null,
          null,
          null,
          null,
          null,
          null,
          null,
          null,
          0,
          null,
          null,
          null,
          null,
          null,
          0,
          null,
          null,
          null,
          null,
          null,
          1,
          0,
          0,
          0,
          null,
          0,
          null,
          null,
          null,
          null,
          null,
          1,
          0,
          null,
          0,
          0,
          null,
          0,
          null,
          null,
          null,
          0,
          null,
          null,
          null,
          null,
          null,
          null,
          0,
          null,
          null,
          null,
          1,
          null,
          1,
          0,
          null,
          0,
          null,
          null,
          1,
          0,
          null,
          null,
          1,
          0,
          null,
          0,
          0,
          null,
          null,
          null,
          null,
          null
        ]
      },
      "/Users/alexscholtes/Developer/Rubymine_Projects/Rubymine Test Project 1/app/controllers/api/v1/users_controller.rb": {
        "lines": [
          1,
          1,
          1,
          1,
          0,
          null,
          0,
          0,
          null,
          null,
          null,
          null,
          null,
          null,
          null,
          null,
          null,
          null,
          0,
          null,
          null,
          null,
          1,
          null,
          12,
          null,
          null,
          null,
          null,
          null,
          null,
          8,
          null,
          null,
          null,
          null,
          null,
          0,
          null,
          0,
          null,
          null,
          null,
          null,
          null,
          null,
          null,
          null,
          null,
          12,
          null,
          null,
          null,
          null
        ]
      },
      "/Users/alexscholtes/Developer/Rubymine_Projects/Rubymine Test Project 1/app/controllers/api/v1/vc_queue_controller.rb": {
        "lines": [
          1,
          1,
          1,
          1,
          9,
          null,
          9,
          null,
          null,
          12,
          null,
          null,
          null,
          null,
          null,
          null,
          null,
          null,
          null,
          null,
          null,
          null,
          1,
          10,
          null,
          10,
          2,
          2,
          null,
          null,
          null,
          8,
          8,
          2,
          2,
          null,
          null,
          null,
          6,
          null,
          null,
          6,
          null,
          6,
          null,
          null,
          null,
          null,
          null,
          null,
          null,
          null,
          6,
          null,
          null,
          null,
          null,
          null,
          null,
          null,
          null,
          0,
          null,
          null,
          1,
          0,
          null,
          0,
          0,
          0,
          null,
          null,
          0,
          null,
          0,
          0,
          0,
          null,
          null,
          0,
          null,
          0,
          null,
          null,
          1,
          6,
          null,
          6,
          4,
          null,
          4,
          null,
          null,
          null,
          null,
          null,
          null,
          null,
          2,
          null,
          null,
          null,
          null,
          null
        ]
      },
      "/Users/alexscholtes/Developer/Rubymine_Projects/Rubymine Test Project 1/app/controllers/chat_messages_controller.rb": {
        "lines": [
          1,
          1,
          1,
          null,
          1,
          0,
          0,
          null,
          0,
          null,
          0,
          null,
          0,
          null,
          null,
          null,
          1,
          null,
          1,
          0,
          null,
          null,
          1,
          0,
          null,
          null
        ]
      },
      "/Users/alexscholtes/Developer/Rubymine_Projects/Rubymine Test Project 1/app/controllers/donations_controller.rb": {
        "lines": [
          1,
          1,
          1,
          null,
          null,
          1,
          1,
          null,
          null,
          null,
          1,
          0,
          0,
          null,
          0,
          0,
          0,
          null,
          null,
          null,
          0,
          0,
          0,
          null,
          null,
          0,
          null,
          null,
          null,
          null,
          null,
          null,
          null,
          null,
          0,
          null,
          null,
          null,
          null,
          null,
          null,
          null,
          null,
          null,
          0,
          null,
          null,
          null,
          null,
          null,
          null,
          null,
          null,
          null,
          null,
          null,
          null,
          null,
          null,
          null,
          null,
          null,
          null,
          0,
          null,
          null,
          null,
          null,
          null,
          null,
          null,
          null,
          null,
          0,
          null,
          0,
          0,
          0,
          null,
          null,
          null,
          null,
          1,
          2,
          1,
          1,
          null,
          null,
          null,
          1,
          0,
          null,
          null,
          null,
          null,
          null,
          0,
          null,
          null,
          null,
          null,
          null,
          null,
          1,
          null,
          1,
          2,
          null,
          1,
          1,
          null,
          null
        ]
      },
      "/Users/alexscholtes/Developer/Rubymine_Projects/Rubymine Test Project 1/app/controllers/integrations/battlenet_controller.rb": {
        "lines": [
          1,
          1,
          1,
          null,
          null,
          1,
          null,
          3,
          3,
          null,
          3,
          null,
          null,
          1,
          null,
          1,
          0,
          null,
          null,
          1,
          41,
          null,
          null,
          1,
          null,
          null,
          7,
          null,
          7,
          null,
          null,
          null,
          null,
          7,
          7,
          null,
          null,
          6,
          null,
          null,
          null,
          null,
          1,
          null,
          1,
          12,
          12,
          null,
          null,
          null
        ]
      },
      "/Users/alexscholtes/Developer/Rubymine_Projects/Rubymine Test Project 1/app/controllers/concerns/integration_controller.rb": {
        "lines": [
          1,
          1,
          null,
          1,
          5,
          null,
          null,
          null,
          1,
          2,
          null,
          null,
          null,
          1,
          44,
          null,
          44,
          8,
          8,
          null,
          null,
          null,
          null,
          36,
          null,
          null,
          29,
          null,
          null,
          26,
          null,
          null,
          26,
          null,
          26,
          26,
          null,
          10,
          10,
          10,
          null,
          null,
          null,
          null,
          1,
          14,
          14,
          14,
          null,
          null,
          null,
          1,
          13,
          null,
          13,
          5,
          5,
          null,
          null,
          8,
          null,
          8,
          8,
          null,
          null,
          1,
          null,
          null,
          1,
          32,
          null,
          null,
          1,
          0,
          null,
          null,
          null,
          1,
          4,
          null,
          null,
          null,
          1,
          75,
          null,
          null,
          null,
          1,
          0,
          null,
          null,
          null,
          1,
          81,
          null,
          null,
          null,
          1,
          0,
          null,
          null,
          null,
          1,
          26,
          null,
          null,
          26,
          null,
          null,
          null,
          26,
          26,
          null,
          null,
          null,
          1,
          null,
          26,
          null,
          null,
          null,
          null,
          null,
          1,
          26,
          26,
          null,
          null,
          1,
          8,
          null,
          null,
          null,
          null,
          1,
          28,
          null,
          null,
          null,
          null,
          null
        ]
      },
      "/Users/alexscholtes/Developer/Rubymine_Projects/Rubymine Test Project 1/app/controllers/integrations/discord_controller.rb": {
        "lines": [
          null,
          1,
          1,
          1,
          null,
          1,
          null,
          null,
          1,
          0,
          null,
          0,
          0,
          0,
          null,
          null,
          0,
          null,
          0,
          null,
          0,
          null,
          null,
          1,
          null,
          1,
          12,
          null,
          null,
          1,
          39,
          null,
          null,
          1,
          null,
          9,
          9,
          9,
          null,
          null,
          8,
          null,
          null,
          8,
          null,
          null,
          null,
          null,
          null,
          null,
          1,
          null,
          1,
          8,
          8,
          null,
          null,
          null
        ]
      },
      "/Users/alexscholtes/Developer/Rubymine_Projects/Rubymine Test Project 1/app/controllers/integrations/epic_controller.rb": {
        "lines": [
          1,
          1,
          1,
          null,
          null,
          1,
          null,
          1,
          1,
          null,
          null,
          null,
          1,
          2,
          null,
          2,
          1,
          1,
          null,
          null,
          null,
          null,
          null,
          null,
          null,
          1,
          1,
          null,
          0,
          0,
          0,
          null,
          null,
          null,
          1,
          2,
          2,
          2,
          null,
          null,
          null,
          1,
          2,
          null,
          2,
          1,
          1,
          null,
          null,
          null,
          1,
          1,
          null,
          null,
          null
        ]
      },
      "/Users/alexscholtes/Developer/Rubymine_Projects/Rubymine Test Project 1/app/controllers/integrations/google_analytics_controller.rb": {
        "lines": [
          1,
          1,
          1,
          null,
          1,
          1,
          1,
          null,
          null,
          1,
          2,
          null,
          2,
          1,
          1,
          null,
          null,
          1,
          1,
          null,
          0,
          0,
          0,
          null,
          null,
          1,
          2,
          2,
          2,
          null,
          null,
          1,
          2,
          null,
          2,
          1,
          1,
          null,
          null,
          1,
          1,
          null,
          null,
          null
        ]
      },
      "/Users/alexscholtes/Developer/Rubymine_Projects/Rubymine Test Project 1/app/controllers/integrations/instagram_controller.rb": {
        "lines": [
          1,
          1,
          1,
          null,
          1,
          1,
          1,
          null,
          null,
          1,
          2,
          null,
          2,
          1,
          1,
          null,
          null,
          1,
          1,
          null,
          0,
          0,
          0,
          null,
          null,
          1,
          2,
          2,
          2,
          null,
          null,
          1,
          2,
          null,
          2,
          1,
          1,
          null,
          null,
          1,
          1,
          null,
          null,
          null
        ]
      },
      "/Users/alexscholtes/Developer/Rubymine_Projects/Rubymine Test Project 1/app/controllers/integrations/openai_controller.rb": {
        "lines": [
          1,
          1,
          1,
          null,
          1,
          1,
          1,
          null,
          null,
          1,
          7,
          7,
          null,
          7,
          2,
          2,
          null,
          null,
          5,
          5,
          null,
          null,
          null,
          null,
          null,
          null,
          4,
          4,
          null,
          1,
          1,
          1,
          null,
          null,
          1,
          4,
          4,
          4,
          null,
          null,
          null
        ]
      },
      "/Users/alexscholtes/Developer/Rubymine_Projects/Rubymine Test Project 1/app/controllers/integrations/paypal_controller.rb": {
        "lines": [
          1,
          1,
          1,
          null,
          1,
          1,
          1,
          null,
          null,
          1,
          2,
          null,
          2,
          1,
          1,
          null,
          null,
          1,
          1,
          null,
          0,
          0,
          0,
          null,
          null,
          1,
          2,
          2,
          2,
          null,
          null,
          1,
          2,
          null,
          2,
          1,
          1,
          null,
          null,
          1,
          1,
          null,
          null,
          null
        ]
      },
      "/Users/alexscholtes/Developer/Rubymine_Projects/Rubymine Test Project 1/app/controllers/integrations/playstation_controller.rb": {
        "lines": [
          1,
          1,
          1,
          null,
          1,
          1,
          1,
          null,
          null,
          1,
          2,
          null,
          2,
          1,
          1,
          null,
          null,
          1,
          1,
          null,
          0,
          0,
          0,
          null,
          null,
          1,
          2,
          2,
          2,
          null,
          null,
          1,
          2,
          null,
          2,
          1,
          1,
          null,
          null,
          1,
          1,
          null,
          null,
          null
        ]
      },
      "/Users/alexscholtes/Developer/Rubymine_Projects/Rubymine Test Project 1/app/controllers/integrations/riot_controller.rb": {
        "lines": [
          1,
          1,
          1,
          null,
          null,
          1,
          null,
          3,
          3,
          null,
          3,
          null,
          null,
          1,
          null,
          1,
          12,
          null,
          null,
          1,
          41,
          null,
          null,
          1,
          null,
          7,
          null,
          7,
          null,
          null,
          null,
          null,
          7,
          7,
          null,
          null,
          6,
          null,
          null,
          null,
          null,
          null,
          null,
          null
        ]
      },
      "/Users/alexscholtes/Developer/Rubymine_Projects/Rubymine Test Project 1/app/controllers/integrations/spotify_controller.rb": {
        "lines": [
          1,
          1,
          1,
          null,
          1,
          null,
          1,
          8,
          null,
          null,
          1,
          31,
          null,
          null,
          1,
          null,
          6,
          6,
          6,
          null,
          null,
          6,
          null,
          null,
          null,
          null,
          null,
          null,
          null,
          null,
          null
        ]
      },
      "/Users/alexscholtes/Developer/Rubymine_Projects/Rubymine Test Project 1/app/controllers/integrations/steam_controller.rb": {
        "lines": [
          null,
          null,
          1,
          null,
          1,
          1,
          1,
          null,
          1,
          null,
          null,
          1,
          0,
          0,
          null,
          null,
          null,
          1,
          null,
          0,
          null,
          null,
          0,
          null,
          0,
          null,
          0,
          null,
          0,
          null,
          0,
          null,
          0,
          0,
          null,
          null,
          null,
          null,
          1,
          0,
          null,
          null,
          0,
          0,
          0,
          null,
          null,
          0,
          null,
          0,
          null,
          0,
          null,
          null,
          1,
          null,
          1,
          0,
          0,
          0,
          null,
          null,
          null,
          1,
          0,
          null,
          null,
          1,
          null,
          0,
          null,
          null,
          0,
          null,
          null,
          1,
          0,
          null,
          0,
          null,
          null,
          null,
          null,
          null,
          null,
          null,
          null,
          null,
          null,
          null,
          null,
          null,
          null,
          null,
          0,
          0,
          null,
          null,
          1,
          0,
          null,
          null,
          1,
          0,
          null,
          null,
          1,
          0,
          null,
          null,
          1,
          null,
          1,
          4,
          4,
          null,
          null,
          null
        ]
      },
      "/Users/alexscholtes/Developer/Rubymine_Projects/Rubymine Test Project 1/app/controllers/integrations/tiktok_controller.rb": {
        "lines": [
          1,
          1,
          1,
          null,
          1,
          1,
          1,
          null,
          null,
          1,
          2,
          null,
          2,
          1,
          1,
          null,
          null,
          1,
          1,
          null,
          0,
          0,
          0,
          null,
          null,
          1,
          2,
          2,
          2,
          null,
          null,
          1,
          2,
          null,
          2,
          1,
          1,
          null,
          null,
          1,
          1,
          null,
          null,
          null
        ]
      },
      "/Users/alexscholtes/Developer/Rubymine_Projects/Rubymine Test Project 1/app/controllers/integrations/twitch_controller.rb": {
        "lines": [
          1,
          1,
          1,
          null,
          1,
          1,
          1,
          null,
          null,
          1,
          2,
          null,
          2,
          1,
          1,
          null,
          null,
          1,
          1,
          null,
          0,
          0,
          0,
          null,
          null,
          1,
          2,
          2,
          2,
          null,
          null,
          1,
          2,
          null,
          2,
          1,
          1,
          null,
          null,
          1,
          1,
          null,
          null,
          null
        ]
      },
      "/Users/alexscholtes/Developer/Rubymine_Projects/Rubymine Test Project 1/app/controllers/integrations/xbox_controller.rb": {
        "lines": [
          1,
          1,
          1,
          null,
          1,
          1,
          1,
          null,
          null,
          1,
          2,
          null,
          2,
          1,
          1,
          null,
          null,
          1,
          1,
          null,
          0,
          0,
          0,
          null,
          null,
          1,
          2,
          2,
          2,
          null,
          null,
          1,
          2,
          null,
          2,
          1,
          1,
          null,
          null,
          1,
          1,
          null,
          null,
          null
        ]
      },
      "/Users/alexscholtes/Developer/Rubymine_Projects/Rubymine Test Project 1/app/controllers/streams_controller.rb": {
        "lines": [
          null,
          null,
          1,
          1,
          1,
          1,
          null,
          null,
          null,
          1,
          0,
          null,
          null,
          0,
          0,
          0,
          0,
          null,
          null,
          0,
          null,
          null,
          null,
          0,
          0,
          null,
          null,
          null,
          0,
          null,
          0,
          null,
          0,
          null,
          0,
          null,
          null,
          0,
          null,
          null,
          0,
          0,
          null,
          null,
          null,
          null,
          1,
          0,
          null,
          null,
          null,
          null,
          null,
          0,
          null,
          null,
          null,
          null,
          null,
          null,
          null,
          1,
          null,
          null,
          null,
          null,
          1,
          0,
          0,
          null,
          0,
          null,
          null,
          null,
          1,
          null,
          1,
          0,
          null,
          0,
          null,
          null,
          1,
          0,
          0,
          null,
          null,
          null,
          1,
          0,
          null,
          null
        ]
      },
      "/Users/alexscholtes/Developer/Rubymine_Projects/Rubymine Test Project 1/app/controllers/subscriptions_controller.rb": {
        "lines": [
          1,
          1,
          null,
          null,
          1,
          0,
          null,
          null,
          null,
          1,
          6,
          null,
          6,
          2,
          2,
          null,
          null,
          null,
          4,
          1,
          1,
          null,
          null,
          3,
          null,
          null,
          3,
          null,
          null,
          null,
          null,
          null,
          2,
          null,
          1,
          1,
          1,
          null,
          null,
          null,
          null,
          1,
          3,
          null,
          3,
          1,
          1,
          null,
          null,
          2,
          null,
          null,
          null,
          1,
          1,
          1,
          null,
          null,
          null,
          1,
          2,
          null,
          2,
          1,
          null,
          1,
          null,
          null,
          2,
          null,
          null,
          null,
          1,
          2,
          null,
          2,
          1,
          null,
          1,
          null,
          null,
          2,
          null,
          null,
          null,
          1,
          4,
          null,
          4,
          2,
          2,
          null,
          null,
          2,
          null,
          2,
          1,
          null,
          1,
          null,
          null,
          2,
          null,
          null,
          null,
          1,
          2,
          null,
          2,
          null,
          null,
          null,
          2,
          1,
          null,
          1,
          1,
          null,
          null,
          null
        ]
      },
      "/Users/alexscholtes/Developer/Rubymine_Projects/Rubymine Test Project 1/app/controllers/users_controller.rb": {
        "lines": [
          1,
          1,
          0,
          null,
          null,
          0,
          0,
          0,
          null,
          null,
          0,
          0,
          0,
          0,
          0,
          0,
          null,
          null,
          null,
          0,
          null,
          null,
          null,
          null,
          null,
          null,
          null,
          null,
          0,
          0,
          0,
          null,
          null,
          0,
          0,
          0,
          null,
          null,
          0,
          0,
          null,
          null,
          null,
          null,
          null,
          null,
          0,
          null,
          null,
          null,
          0,
          null,
          null
        ]
      },
      "/Users/alexscholtes/Developer/Rubymine_Projects/Rubymine Test Project 1/app/services/integrations/base_api_client.rb": {
        "lines": [
          1,
          null,
          1,
          1,
          1,
          null,
          1,
          null,
          1,
          100,
          100,
          100,
          null,
          null,
          null,
          1,
          44,
          null,
          null,
          null,
          1,
          3,
          null,
          null,
          null,
          1,
          2,
          null,
          null,
          null,
          1,
          2,
          null,
          null,
          1,
          null,
          null,
          1,
          null,
          null,
          null,
          null,
          null,
          null,
          1,
          1,
          null,
          null,
          null,
          1,
          null,
          58,
          null,
          null,
          null,
          null,
          null,
          null,
          1,
          null,
          51,
          null,
          null,
          51,
          null,
          null,
          51,
          null,
          null,
          51,
          null,
          null,
          51,
          null,
          47,
          null,
          11,
          null,
          null,
          1,
          53,
          null,
          null,
          1,
          50,
          null,
          39,
          null,
          1,
          null,
          2,
          null,
          3,
          null,
          1,
          null,
          3,
          null,
          1,
          null,
          null,
          null,
          1,
          41,
          null,
          37,
          null,
          1,
          null,
          null,
          1,
          11,
          11,
          null,
          null,
          null
        ]
      },
      "/Users/alexscholtes/Developer/Rubymine_Projects/Rubymine Test Project 1/app/services/integrations/base_oauth_service.rb": {
        "lines": [
          1,
          null,
          1,
          1,
          1,
          null,
          1,
          null,
          1,
          69,
          69,
          69,
          null,
          null,
          null,
          1,
          null,
          7,
          null,
          null,
          null,
          null,
          null,
          6,
          null,
          6,
          null,
          null,
          null,
          1,
          8,
          null,
          null,
          null,
          null,
          null,
          null,
          null,
          null,
          null,
          null,
          null,
          4,
          null,
          null,
          null,
          1,
          4,
          null,
          null,
          null,
          null,
          null,
          null,
          null,
          null,
          null,
          null,
          4,
          null,
          null,
          null,
          1,
          2,
          null,
          1,
          null,
          null,
          null,
          null,
          null,
          null,
          null,
          null,
          null,
          null,
          1,
          null,
          null,
          1,
          6,
          null,
          null,
          1,
          12,
          null,
          null,
          1,
          3,
          null,
          null,
          1,
          28,
          null,
          1,
          null,
          null,
          1,
          21,
          null,
          1,
          null,
          null,
          1,
          15,
          null,
          null,
          1,
          8,
          null,
          null,
          1,
          8,
          null,
          null,
          1,
          8,
          null,
          null,
          1,
          7,
          null,
          null,
          1,
          null,
          0,
          null,
          null,
          1,
          8,
          6,
          null,
          null,
          6,
          null,
          null,
          null,
          null,
          null,
          null,
          null,
          2,
          null,
          0,
          null,
          null,
          2,
          null,
          null,
          null,
          null
        ]
      },
      "/Users/alexscholtes/Developer/Rubymine_Projects/Rubymine Test Project 1/app/services/integrations/battlenet_api_client.rb": {
        "lines": [
          1,
          1,
          1,
          14,
          null,
          14,
          null,
          9,
          null,
          1,
          null,
          1,
          null,
          1,
          null,
          1,
          null,
          1,
          null,
          null,
          null,
          1,
          11,
          11,
          null,
          null,
          null,
          1,
          null,
          1,
          1,
          1,
          1,
          null,
          null,
          null,
          1,
          3,
          null,
          null,
          1,
          2,
          null,
          null,
          null,
          null,
          null,
          null,
          1,
          1,
          null,
          null,
          null,
          1,
          1,
          null,
          null,
          null,
          1,
          null,
          null,
          1,
          null,
          null,
          null,
          1,
          null,
          8,
          8,
          null,
          1,
          null,
          1,
          null,
          1,
          null,
          null,
          null,
          null,
          null,
          null
        ]
      },
      "/Users/alexscholtes/Developer/Rubymine_Projects/Rubymine Test Project 1/app/services/integrations/battlenet_oauth_service.rb": {
        "lines": [
          1,
          1,
          null,
          null,
          1,
          null,
          null,
          null,
          null,
          null,
          null,
          1,
          21,
          21,
          null,
          null,
          1,
          null,
          1,
          21,
          null,
          null,
          21,
          null,
          null,
          null,
          null,
          null,
          null,
          null,
          null,
          1,
          6,
          null,
          1,
          null,
          1,
          null,
          1,
          null,
          1,
          null,
          1,
          null,
          1,
          null,
          null,
          null,
          null
        ]
      },
      "/Users/alexscholtes/Developer/Rubymine_Projects/Rubymine Test Project 1/app/services/integrations/battlenet_sync_service.rb": {
        "lines": [
          1,
          1,
          1,
          null,
          1,
          27,
          27,
          null,
          null,
          1,
          12,
          12,
          4,
          null,
          null,
          4,
          null,
          1,
          1,
          null,
          null,
          1,
          null,
          1,
          12,
          null,
          4,
          null,
          null,
          null,
          null,
          1,
          null,
          0,
          null,
          null,
          0,
          null,
          null,
          0,
          null,
          null,
          1,
          3,
          null,
          2,
          null,
          null,
          2,
          2,
          null,
          null,
          null,
          2,
          null,
          null,
          2,
          null,
          null,
          null,
          null,
          null,
          null,
          null,
          null,
          null,
          null,
          null,
          null,
          null,
          null,
          1,
          null,
          null,
          1,
          3,
          null,
[...]
          null,
          null,
          null,
          null,
          null,
          null,
          3,
          3,
          null,
          null,
          null,
          null,
          1,
          4,
          4,
          null,
          3,
          null,
          null,
          null,
          null,
          3,
          null,
          null,
          null,
          null,
          1,
          2,
          2,
          null,
          1,
          null,
          null,
          null,
          1,
          3,
          3,
          null,
          2,
          null,
          null,
          null,
          1,
          7,
          null,
          6,
          6,
          null,
          5,
          5,
          5,
          null,
          null,
          5,
          null,
          4,
          null,
          null,
          null,
          null,
          null,
          null,
          null,
          null,
          null,
          null,
          null,
          null,
          4,
          null,
          4,
          null,
          1,
          1,
          null,
          null,
          null,
          1,
          5,
          5,
          null,
          4,
          null,
          null,
          null,
          null,
          3,
          null,
          1,
          1,
          null,
          null,
          1,
          null,
          1,
          null,
          3,
          null,
          null,
          2,
          1,
          1,
          1,
          null,
          null,
          null,
          1,
          null,
          null,
          null,
          null,
          null,
          null,
          null,
          null,
          1,
          null,
          1,
          null,
          null
        ]
      },
      "/Users/alexscholtes/Developer/Rubymine_Projects/Rubymine Test Project 1/app/models/user.rb": {
        "lines": [
          null,
          null,
          null,
          null,
          1,
          null,
          null,
          null,
          null,
          null,
          null,
          null,
          1,
          null,
          null,
          1,
          1,
          1,
          1,
          1,
          1,
          1,
          1,
          null,
          null,
          1,
          1,
          1,
          1,
          1,
          1,
          1,
          1,
          1,
          1,
          null,
          null,
          1,
          1,
          1,
          1,
          1,
          1,
          null,
          null,
          1,
          1,
          1,
          null,
          null,
          1,
          8,
          1,
          1,
          null,
          null,
          1,
          null,
          null,
          null,
          null,
          null,
          null,
          null,
          null,
          1,
          1,
          null,
          null,
          null,
          1,
          null,
          null,
          null,
          null,
          null,
          null,
          null,
          null,
          null,
          1,
          null,
          null,
          null,
          null,
          null,
          null,
          1,
          null,
          null,
          null,
          null,
          null,
          null,
          null,
          null,
          null,
          null,
          null,
          null,
          null,
          null,
          1,
          null,
          null,
          null,
          null,
          null,
          null,
          null,
          null,
          null,
          null,
          null,
          null,
          null,
          null,
          null,
          null,
          null,
          null,
          null,
          1,
          null,
          null,
          null,
          null,
          null,
          null,
          null,
          null,
          1,
          null,
          null,
          null,
          null,
          null,
          null,
          null,
          null,
          1,
          null,
          null,
          null,
          null,
          1,
          null,
          null,
          1858,
          null,
          null,
          null,
          null,
          null,
          1,
          1858,
          null,
          null,
          null,
          null,
          null,
          1,
          null,
          null,
          null,
          null,
          926,
          null,
          null,
          null,
          926,
          null,
          null
        ]
      },
      "/Users/alexscholtes/Developer/Rubymine_Projects/Rubymine Test Project 1/app/models/integration_privacy_setting.rb": {
        "lines": [
          null,
          null,
          null,
          null,
          1,
          null,
          1,
          1,
          null,
          null,
          null,
          1,
          null,
          null,
          1,
          1,
          null,
          null,
          null,
          null,
          1,
          null,
          0,
          null,
          null,
          null,
          null,
          null,
          null,
          1,
          0,
          0,
          null,
          null,
          null,
          null,
          null,
          1,
          0,
          0,
          null,
          null,
          null,
          null,
          1,
          0,
          null,
          null,
          null,
          null,
          1,
          0,
          null,
          null,
          null,
          null,
          null,
          1,
          0,
          null,
          null,
          null,
          null,
          null,
          1,
          0,
          0,
          null,
          null,
          null,
          null,
          1,
          0,
          null,
          null
        ]
      },
      "/Users/alexscholtes/Developer/Rubymine_Projects/Rubymine Test Project 1/app/models/loyalty_transaction.rb": {
        "lines": [
          1,
          1,
          null,
          1,
          1,
          null,
          null,
          1,
          null,
          null,
          null,
          null,
          null,
          null,
          null,
          null,
          null,
          null,
          1,
          null,
          1,
          1,
          1,
          1,
          null
        ]
      },
      "/Users/alexscholtes/Developer/Rubymine_Projects/Rubymine Test Project 1/app/models/mini_game_session.rb": {
        "lines": [
          1,
          1,
          null,
          1,
          1,
          1,
          1,
          null,
          1,
          1,
          null,
          1,
          1,
          null,
          1,
          1,
          1,
          1,
          null,
          1,
          29,
          null,
          null,
          1,
          17,
          null,
          null,
          1,
          0,
          null,
          null
        ]
      },
      "/Users/alexscholtes/Developer/Rubymine_Projects/Rubymine Test Project 1/app/controllers/pages_controller.rb": {
        "lines": [
          1,
          1,
          null,
          null
        ]
      },
      "/Users/alexscholtes/Developer/Rubymine_Projects/Rubymine Test Project 1/app/controllers/webhooks_controller.rb": {
        "lines": [
          1,
          null,
          1,
          null,
          null,
          1,
          40,
          40,
          null,
          null,
          40,
          null,
          null,
          null,
          null,
          null,
          1,
          1,
          null,
          5,
          5,
          null,
          null,
          null,
          34,
          null,
          2,
          null,
          6,
          null,
          5,
          null,
          4,
          null,
          3,
          null,
          2,
          null,
          6,
          null,
          2,
          null,
          4,
          null,
          null,
          34,
          null,
          null,
          1,
          null,
          1,
          2,
          null,
          1,
          1,
          1,
          null,
          null,
          1,
          null,
          null,
          1,
          6,
          6,
          null,
          5,
          null,
          5,
          null,
          null,
          null,
          null,
          null,
          null,
          null,
          null,
          null,
          4,
          null,
          1,
          null,
          null,
          1,
          5,
          5,
          null,
          4,
          null,
          4,
          null,
          null,
          null,
          null,
          null,
          null,
          null,
          4,
          null,
          0,
          null,
          null,
          1,
          4,
          4,
          null,
          4,
          null,
          null,
          null,
          null,
          4,
          null,
          0,
          null,
          null,
          1,
          null,
          3,
          3,
          null,
          2,
          2,
          null,
          2,
          null,
          2,
          2,
          null,
          2,
          2,
          null,
          2,
          null,
          null,
          null,
          null,
          null,
          null,
          null,
          null,
          null,
          null,
          null,
          null,
          null,
          2,
          null,
          0,
          null,
          null,
          1,
          2,
          2,
          null,
          2,
          2,
          null,
          2,
          null,
          2,
          null,
          null,
          null,
          null,
          null,
          null,
          null,
          null,
          null,
          2,
          null,
          0,
          null,
          null,
          1,
          6,
          null,
          5,
          5,
          null,
          null,
          4,
          null,
          null,
          null,
          null,
          null,
          null,
          null,
          null,
          null,
          null,
          4,
          null,
          0,
          null,
          null,
          1,
          2,
          null,
          2,
          2,
          null,
          1,
          null,
          null,
          null,
          null,
          null,
          1,
          9,
          null,
          9,
          19,
          19,
          19,
          null,
          null,
          0,
          null,
          null
        ]
      },
      "/Users/alexscholtes/Developer/Rubymine_Projects/Rubymine Test Project 1/app/channels/application_cable/connection.rb": {
        "lines": [
          1,
          1,
          1,
          null,
          1,
          12,
          null,
          null,
          1,
          null,
          1,
          null,
          12,
          0,
          null,
          12,
          null,
          null,
          null,
          null
        ]
      },
      "/Users/alexscholtes/Developer/Rubymine_Projects/Rubymine Test Project 1/app/components/integration_privacy_form_component.rb": {
        "lines": [
          null,
          null,
          null,
          null,
          0,
          0,
          null,
          null,
          null,
          0,
          0,
          0,
          0,
          0,
          null,
          null,
          0,
          0,
          0,
          0,
          0,
          0,
          0,
          0,
          0,
          0,
          0,
          0,
          0,
          0,
          0,
          0,
          null,
          0,
          null,
          0,
          0,
          0,
          0,
          0,
          0,
          0,
          0,
          null,
          0,
          0,
          0,
          0,
          0,
          0,
          0,
          0,
          0,
          0,
          null,
          0,
          0,
          0,
          null,
          0,
          0,
          0,
          0,
          0,
          0,
          0,
          null,
          0,
          0,
          0,
          0,
          null,
          0,
          0,
          0,
          0,
          0,
          0,
          0,
          0,
          0,
          0,
          0,
          0,
          0,
          0,
          0,
          0,
          0,
          null,
          0,
          0,
          0,
          0,
          0,
          0,
          0,
          0,
          0,
          null,
          0,
          0,
          0,
          null,
          0,
          null,
          0,
          0,
          0,
          0,
          null,
          0,
          0,
          0,
          0
        ],
        "branches": {}
      },
      "/Users/alexscholtes/Developer/Rubymine_Projects/Rubymine Test Project 1/app/controllers/dashboard_controller.rb": {
        "lines": [
          null,
          null,
          null,
          null,
          null,
          0,
          null,
          null,
          0,
          null,
          null,
          null,
          0,
          null,
          null,
          null,
          0,
          null,
          null,
          null,
          0,
          0,
          0,
          0,
          null,
          null,
          null,
          0,
          0,
          null,
          null,
          0,
          null,
          null,
          0,
          0,
          null,
          null,
          0,
          0
        ],
        "branches": {}
      },
      "/Users/alexscholtes/Developer/Rubymine_Projects/Rubymine Test Project 1/app/controllers/registrations_controller.rb": {
        "lines": [
          null,
          null,
          null,
          null,
          0,
          null,
          null,
          null,
          null,
          0,
          null,
          null,
          null,
          0,
          null,
          null,
          0,
          0,
          null,
          null,
          null,
          0,
          null,
          null,
          null,
          0,
          null,
          null,
          null,
          0,
          null,
          null,
          null,
          null,
          0,
          null,
          null,
          0,
          null,
          null,
          0,
          0,
          null,
          null,
          null,
          null,
          null,
          0,
          0,
          0,
          null,
          0,
          null,
          null,
          null,
          null,
          null,
          0,
          null,
          null,
          null,
          0,
          0,
          0,
          0,
          0,
          0,
          0,
          null,
          null,
          null,
          0
        ],
        "branches": {}
      },
      "/Users/alexscholtes/Developer/Rubymine_Projects/Rubymine Test Project 1/app/controllers/sessions_controller.rb": {
        "lines": [
          null,
          null,
          null,
          null,
          0,
          null,
          null,
          0,
          null,
          null,
          0,
          null,
          null,
          null,
          0,
          null,
          null,
          null,
          0,
          0,
          null,
          null,
          null,
          null,
          0,
          0,
          null,
          null,
          null,
          null,
          null,
          0,
          null,
          null,
          null,
          null,
          0,
          null,
          null,
          null,
          null,
          0,
          null,
          null,
          null,
          null,
          0,
          0,
          null,
          null,
          null,
          null,
          0,
          null,
          null,
          null,
          0,
          0,
          0,
          null,
          null,
          null,
          0,
          null,
          null,
          0,
          null,
          null,
          0,
          null,
          null,
          0,
          0,
          0
        ],
        "branches": {}
      },
      "/Users/alexscholtes/Developer/Rubymine_Projects/Rubymine Test Project 1/app/controllers/settings_controller.rb": {
        "lines": [
          null,
          null,
          null,
          null,
          null,
          0,
          null,
          0,
          null,
          null,
          null,
          0,
          null,
          0,
          null,
          null,
          0,
          null,
          null,
          null,
          0,
          null,
          0,
          null,
          null,
          null,
          0,
          null,
          0,
          0,
          0,
          null,
          0,
          null,
          null,
          0,
          0,
          0,
          null,
          null,
          null,
          0,
          null,
          0,
          null,
          null,
          null,
          null,
          0,
          null,
          null,
          null,
          0,
          0,
          null,
          0,
          0,
          0,
          null,
          0,
          0,
          0,
          0,
          null,
          0,
          0,
          0,
          0,
          null,
          0,
          null,
          null,
          null,
          null,
          0,
          0,
          0,
          null,
          null,
          null,
          null,
          0,
          0,
          0,
          0
        ],
        "branches": {}
      },
      "/Users/alexscholtes/Developer/Rubymine_Projects/Rubymine Test Project 1/app/controllers/webhooks/stripe_controller.rb": {
        "lines": [
          null,
          0,
          0,
          0,
          0,
          null,
          0,
          0,
          0,
          0,
          0,
          0,
          0,
          0,
          0,
          0,
          0,
          0,
          0,
          0,
          0,
          null,
          0,
          0,
          0,
          0,
          0,
          null,
          0,
          null,
          0,
          0,
          0,
          null,
          0,
          0,
          0,
          0,
          0,
          0,
          0,
          0,
          0,
          0,
          0,
          0,
          null,
          0,
          0,
          0,
          null,
          0,
          null,
          0,
          0,
          0,
          0,
          0,
          null,
          0,
          0,
          null,
          0,
          0,
          0,
          null,
          0,
          null,
          0,
          0,
          0,
          0,
          0,
          null,
          0,
          0,
          null,
          0,
          0,
          0,
          null,
          0,
          null,
          0,
          0,
          0,
          0,
          0,
          0,
          null,
          0,
          0,
          null,
          0,
          0,
          0,
          null,
          0,
          null,
          0,
          0,
          0,
          null,
          0,
          0,
          0,
          null,
          0,
          null,
          0,
          0,
          0,
          null,
          0,
          null,
          0,
          0,
          null,
          0,
          0,
          0,
          0,
          0,
          0,
          0,
          0,
          0,
          null,
          0,
          0,
          null,
          0,
          0,
          0,
          0,
          0,
          0,
          0,
          0,
          0,
          0,
          0
        ],
        "branches": {}
      },
      "/Users/alexscholtes/Developer/Rubymine_Projects/Rubymine Test Project 1/app/mailers/application_mailer.rb": {
        "lines": [
          0,
          0,
          0,
          0
        ],
        "branches": {}
      }
    },
    "timestamp": 1759715230
  }
}
